{
  "stats": {
    "suites": 1,
    "tests": 9,
    "passes": 0,
    "pending": 0,
    "failures": 9,
    "start": "2024-10-18T12:32:13.655Z",
    "end": "2024-10-18T12:33:25.194Z",
    "duration": 71539,
    "testsRegistered": 9,
    "passPercent": 0,
    "pendingPercent": 0,
    "other": 0,
    "hasOther": false,
    "skipped": 0,
    "hasSkipped": false
  },
  "results": [
    {
      "uuid": "c3fafab9-b1ca-4f2a-b2e1-ea54249be0fd",
      "title": "",
      "fullFile": "E:\\SQE Assignment\\login_test.ts",
      "file": "\\login_test.ts",
      "beforeHooks": [],
      "afterHooks": [],
      "tests": [],
      "suites": [
        {
          "uuid": "a3161214-ec8a-4cd1-98b9-3b02c79187fb",
          "title": "Login",
          "fullFile": "E:\\SQE Assignment\\login_test.ts",
          "file": "\\login_test.ts",
          "beforeHooks": [
            {
              "title": "\"before all\" hook: codeceptjs.beforeSuite in \"Login\"",
              "fullTitle": "Login \"before all\" hook: codeceptjs.beforeSuite in \"Login\"",
              "timedOut": false,
              "duration": 5,
              "state": null,
              "speed": null,
              "pass": false,
              "fail": false,
              "pending": false,
              "context": null,
              "code": "scenario.suiteSetup(suite)",
              "err": {},
              "uuid": "22b197e6-7b7e-4d08-9b29-873a2be764ce",
              "parentUUID": "a3161214-ec8a-4cd1-98b9-3b02c79187fb",
              "isHook": true,
              "skipped": false
            },
            {
              "title": "\"before each\" hook: codeceptjs.before in \"Login\"",
              "fullTitle": "Login \"before each\" hook: codeceptjs.before in \"Login\"",
              "timedOut": false,
              "duration": 848,
              "state": null,
              "speed": null,
              "pass": false,
              "fail": false,
              "pending": false,
              "context": null,
              "code": "scenario.setup(suite)",
              "err": {},
              "uuid": "48eace1b-f28a-447d-94df-fa1afe8a96c5",
              "parentUUID": "a3161214-ec8a-4cd1-98b9-3b02c79187fb",
              "isHook": true,
              "skipped": false
            }
          ],
          "afterHooks": [
            {
              "title": "\"after all\" hook: codeceptjs.afterSuite in \"Login\"",
              "fullTitle": "Login \"after all\" hook: codeceptjs.afterSuite in \"Login\"",
              "timedOut": false,
              "duration": 0,
              "state": null,
              "speed": null,
              "pass": false,
              "fail": false,
              "pending": false,
              "context": null,
              "code": "scenario.suiteTeardown(suite)",
              "err": {},
              "uuid": "86325f0d-2d07-4821-b319-877ab9b31616",
              "parentUUID": "a3161214-ec8a-4cd1-98b9-3b02c79187fb",
              "isHook": true,
              "skipped": false
            },
            {
              "title": "\"after each\" hook: finalize codeceptjs in \"Login\"",
              "fullTitle": "Login \"after each\" hook: finalize codeceptjs in \"Login\"",
              "timedOut": false,
              "duration": 430,
              "state": null,
              "speed": null,
              "pass": false,
              "fail": false,
              "pending": false,
              "context": null,
              "code": "scenario.teardown(suite)",
              "err": {},
              "uuid": "e64965c5-936b-4f10-bfd1-a3513225f499",
              "parentUUID": "a3161214-ec8a-4cd1-98b9-3b02c79187fb",
              "isHook": true,
              "skipped": false
            }
          ],
          "tests": [
            {
              "title": "User tries to log in with multiple credentials | {\"Email\":\"usmanhassan7576@gmail.com\",\"Password\":\"Muhammad7576\"}",
              "fullTitle": "Login: User tries to log in with multiple credentials | {\"Email\":\"usmanhassan7576@gmail.com\",\"Password\":\"Muhammad7576\"}",
              "timedOut": false,
              "duration": 5817,
              "state": "failed",
              "speed": null,
              "pass": false,
              "fail": true,
              "pending": false,
              "context": null,
              "code": "I, current }) => {\n    console.log('Current user data:', current); // Log current credentials for each scenario\n    I.amOnPage('https://www.utest.com/');\n    I.click('Log In');\n    I.fillField('Email', current.email); // Ensure the Excel data has 'email' and 'password' fields\n    I.fillField('Password', current.password);\n    I.click('button[type=\"submit\"]');\n    I.waitForNavigation(10);\n    I.see('Dashboard');",
              "err": {
                "message": "Error: Field \"Email\" was not found by text|CSS|XPath",
                "estack": "Error: Field \"Email\" was not found by text|CSS|XPath\n    at new ElementNotFound (node_modules\\codeceptjs\\lib\\helper\\errors\\ElementNotFound.js:15:11)\n    at assertElementExists (node_modules\\codeceptjs\\lib\\helper\\Puppeteer.js:3060:11)\n    at Puppeteer.fillField (node_modules\\codeceptjs\\lib\\helper\\Puppeteer.js:1410:5)",
                "diff": null
              },
              "uuid": "c3e8e626-238f-45c8-bbaa-dddb75029b1f",
              "parentUUID": "a3161214-ec8a-4cd1-98b9-3b02c79187fb",
              "isHook": false,
              "skipped": false
            },
            {
              "title": "User tries to log in with multiple credentials | {\"Email\":\"l227991@gmail.com\",\"Password\":\"Hello75\"}",
              "fullTitle": "Login: User tries to log in with multiple credentials | {\"Email\":\"l227991@gmail.com\",\"Password\":\"Hello75\"}",
              "timedOut": false,
              "duration": 6127,
              "state": "failed",
              "speed": null,
              "pass": false,
              "fail": true,
              "pending": false,
              "context": null,
              "code": "I, current }) => {\n    console.log('Current user data:', current); // Log current credentials for each scenario\n    I.amOnPage('https://www.utest.com/');\n    I.click('Log In');\n    I.fillField('Email', current.email); // Ensure the Excel data has 'email' and 'password' fields\n    I.fillField('Password', current.password);\n    I.click('button[type=\"submit\"]');\n    I.waitForNavigation(10);\n    I.see('Dashboard');",
              "err": {
                "message": "ProtocolError: Protocol error (Runtime.callFunctionOn): Argument should belong to the same JavaScript world as target object",
                "estack": "ProtocolError: Protocol error (Runtime.callFunctionOn): Argument should belong to the same JavaScript world as target object\n    at Callback.<instance_members_initializer> (node_modules\\puppeteer\\node_modules\\puppeteer-core\\src\\common\\CallbackRegistry.ts:114:12)\n    at new Callback (node_modules\\puppeteer\\node_modules\\puppeteer-core\\src\\common\\CallbackRegistry.ts:119:3)\n    at CallbackRegistry.create (node_modules\\puppeteer\\node_modules\\puppeteer-core\\src\\common\\CallbackRegistry.ts:27:22)\n    at Connection._rawSend (node_modules\\puppeteer\\node_modules\\puppeteer-core\\src\\cdp\\Connection.ts:125:22)\n    at CdpCDPSession.send (node_modules\\puppeteer\\node_modules\\puppeteer-core\\src\\cdp\\CDPSession.ts:95:29)\n    at ExecutionContext.#evaluate (node_modules\\puppeteer\\node_modules\\puppeteer-core\\src\\cdp\\ExecutionContext.ts:417:44)\n    at async ExecutionContext.evaluateHandle (node_modules\\puppeteer\\node_modules\\puppeteer-core\\src\\cdp\\ExecutionContext.ts:351:12)\n    at async IsolatedWorld.evaluateHandle (node_modules\\puppeteer\\node_modules\\puppeteer-core\\src\\cdp\\IsolatedWorld.ts:174:12)\n    at async CdpJSHandle.evaluateHandle (node_modules\\puppeteer\\node_modules\\puppeteer-core\\src\\api\\JSHandle.ts:94:12)\n    at async CdpElementHandle.evaluateHandle (node_modules\\puppeteer\\node_modules\\puppeteer-core\\src\\api\\ElementHandle.ts:304:12)",
                "diff": null
              },
              "uuid": "367f4eb8-5ed7-4d1f-abe9-e8ce88061e52",
              "parentUUID": "a3161214-ec8a-4cd1-98b9-3b02c79187fb",
              "isHook": false,
              "skipped": false
            },
            {
              "title": "User tries to log in with multiple credentials | {\"Email\":\"F223302@gmail.com\",\"Password\":\"Hello76\"}",
              "fullTitle": "Login: User tries to log in with multiple credentials | {\"Email\":\"F223302@gmail.com\",\"Password\":\"Hello76\"}",
              "timedOut": false,
              "duration": 5971,
              "state": "failed",
              "speed": null,
              "pass": false,
              "fail": true,
              "pending": false,
              "context": null,
              "code": "I, current }) => {\n    console.log('Current user data:', current); // Log current credentials for each scenario\n    I.amOnPage('https://www.utest.com/');\n    I.click('Log In');\n    I.fillField('Email', current.email); // Ensure the Excel data has 'email' and 'password' fields\n    I.fillField('Password', current.password);\n    I.click('button[type=\"submit\"]');\n    I.waitForNavigation(10);\n    I.see('Dashboard');",
              "err": {
                "message": "TypeError: Cannot read properties of undefined (reading 'toString')",
                "estack": "TypeError: Cannot read properties of undefined (reading 'toString')\n    at Puppeteer.fillField (node_modules\\codeceptjs\\lib\\helper\\Puppeteer.js:1421:25)",
                "diff": null
              },
              "uuid": "867f1d2f-3da3-4ec5-9cd9-9d76bd2bf20e",
              "parentUUID": "a3161214-ec8a-4cd1-98b9-3b02c79187fb",
              "isHook": false,
              "skipped": false
            },
            {
              "title": "User tries to log in with multiple credentials | {\"Email\":\"ALi75@gmail.com\",\"Password\":\"Hello77\"}",
              "fullTitle": "Login: User tries to log in with multiple credentials | {\"Email\":\"ALi75@gmail.com\",\"Password\":\"Hello77\"}",
              "timedOut": false,
              "duration": 5544,
              "state": "failed",
              "speed": null,
              "pass": false,
              "fail": true,
              "pending": false,
              "context": null,
              "code": "I, current }) => {\n    console.log('Current user data:', current); // Log current credentials for each scenario\n    I.amOnPage('https://www.utest.com/');\n    I.click('Log In');\n    I.fillField('Email', current.email); // Ensure the Excel data has 'email' and 'password' fields\n    I.fillField('Password', current.password);\n    I.click('button[type=\"submit\"]');\n    I.waitForNavigation(10);\n    I.see('Dashboard');",
              "err": {
                "message": "TypeError: Cannot read properties of undefined (reading 'toString')",
                "estack": "TypeError: Cannot read properties of undefined (reading 'toString')\n    at Puppeteer.fillField (node_modules\\codeceptjs\\lib\\helper\\Puppeteer.js:1421:25)",
                "diff": null
              },
              "uuid": "06ab342a-df03-4f3d-ab08-b5c80f9ce595",
              "parentUUID": "a3161214-ec8a-4cd1-98b9-3b02c79187fb",
              "isHook": false,
              "skipped": false
            },
            {
              "title": "User tries to log in with multiple credentials | {\"Email\":\"Muhammad@gmail.com\",\"Password\":\"Hello78\"}",
              "fullTitle": "Login: User tries to log in with multiple credentials | {\"Email\":\"Muhammad@gmail.com\",\"Password\":\"Hello78\"}",
              "timedOut": false,
              "duration": 8631,
              "state": "failed",
              "speed": null,
              "pass": false,
              "fail": true,
              "pending": false,
              "context": null,
              "code": "I, current }) => {\n    console.log('Current user data:', current); // Log current credentials for each scenario\n    I.amOnPage('https://www.utest.com/');\n    I.click('Log In');\n    I.fillField('Email', current.email); // Ensure the Excel data has 'email' and 'password' fields\n    I.fillField('Password', current.password);\n    I.click('button[type=\"submit\"]');\n    I.waitForNavigation(10);\n    I.see('Dashboard');",
              "err": {
                "message": "TypeError: Cannot read properties of undefined (reading 'toString')",
                "estack": "TypeError: Cannot read properties of undefined (reading 'toString')\n    at Puppeteer.fillField (node_modules\\codeceptjs\\lib\\helper\\Puppeteer.js:1421:25)",
                "diff": null
              },
              "uuid": "6af5feb2-7cd0-4623-bceb-b881df6b7b2e",
              "parentUUID": "a3161214-ec8a-4cd1-98b9-3b02c79187fb",
              "isHook": false,
              "skipped": false
            },
            {
              "title": "User tries to log in with multiple credentials | {\"Email\":\"Mujtaba@gmail.com\",\"Password\":\"Hello79\"}",
              "fullTitle": "Login: User tries to log in with multiple credentials | {\"Email\":\"Mujtaba@gmail.com\",\"Password\":\"Hello79\"}",
              "timedOut": false,
              "duration": 7038,
              "state": "failed",
              "speed": null,
              "pass": false,
              "fail": true,
              "pending": false,
              "context": null,
              "code": "I, current }) => {\n    console.log('Current user data:', current); // Log current credentials for each scenario\n    I.amOnPage('https://www.utest.com/');\n    I.click('Log In');\n    I.fillField('Email', current.email); // Ensure the Excel data has 'email' and 'password' fields\n    I.fillField('Password', current.password);\n    I.click('button[type=\"submit\"]');\n    I.waitForNavigation(10);\n    I.see('Dashboard');",
              "err": {
                "message": "TypeError: Cannot read properties of undefined (reading 'toString')",
                "estack": "TypeError: Cannot read properties of undefined (reading 'toString')\n    at Puppeteer.fillField (node_modules\\codeceptjs\\lib\\helper\\Puppeteer.js:1421:25)",
                "diff": null
              },
              "uuid": "1488172f-ce52-4d86-8e6f-c95d2a64ec12",
              "parentUUID": "a3161214-ec8a-4cd1-98b9-3b02c79187fb",
              "isHook": false,
              "skipped": false
            },
            {
              "title": "User tries to log in with multiple credentials | {\"Email\":\"Sohaib75@gmail.com\",\"Password\":\"Hello80\"}",
              "fullTitle": "Login: User tries to log in with multiple credentials | {\"Email\":\"Sohaib75@gmail.com\",\"Password\":\"Hello80\"}",
              "timedOut": false,
              "duration": 6006,
              "state": "failed",
              "speed": null,
              "pass": false,
              "fail": true,
              "pending": false,
              "context": null,
              "code": "I, current }) => {\n    console.log('Current user data:', current); // Log current credentials for each scenario\n    I.amOnPage('https://www.utest.com/');\n    I.click('Log In');\n    I.fillField('Email', current.email); // Ensure the Excel data has 'email' and 'password' fields\n    I.fillField('Password', current.password);\n    I.click('button[type=\"submit\"]');\n    I.waitForNavigation(10);\n    I.see('Dashboard');",
              "err": {
                "message": "TypeError: Cannot read properties of undefined (reading 'toString')",
                "estack": "TypeError: Cannot read properties of undefined (reading 'toString')\n    at Puppeteer.fillField (node_modules\\codeceptjs\\lib\\helper\\Puppeteer.js:1421:25)",
                "diff": null
              },
              "uuid": "391a6201-ebfa-4825-95a7-ff5e45a122d1",
              "parentUUID": "a3161214-ec8a-4cd1-98b9-3b02c79187fb",
              "isHook": false,
              "skipped": false
            },
            {
              "title": "User tries to log in with multiple credentials | {\"Email\":\"Ameer@gmail.com\",\"Password\":\"Hello81\"}",
              "fullTitle": "Login: User tries to log in with multiple credentials | {\"Email\":\"Ameer@gmail.com\",\"Password\":\"Hello81\"}",
              "timedOut": false,
              "duration": 6402,
              "state": "failed",
              "speed": null,
              "pass": false,
              "fail": true,
              "pending": false,
              "context": null,
              "code": "I, current }) => {\n    console.log('Current user data:', current); // Log current credentials for each scenario\n    I.amOnPage('https://www.utest.com/');\n    I.click('Log In');\n    I.fillField('Email', current.email); // Ensure the Excel data has 'email' and 'password' fields\n    I.fillField('Password', current.password);\n    I.click('button[type=\"submit\"]');\n    I.waitForNavigation(10);\n    I.see('Dashboard');",
              "err": {
                "message": "TypeError: Cannot read properties of undefined (reading 'toString')",
                "estack": "TypeError: Cannot read properties of undefined (reading 'toString')\n    at Puppeteer.fillField (node_modules\\codeceptjs\\lib\\helper\\Puppeteer.js:1421:25)",
                "diff": null
              },
              "uuid": "1cfa0ad5-a95f-417a-9868-f2a37fdb585d",
              "parentUUID": "a3161214-ec8a-4cd1-98b9-3b02c79187fb",
              "isHook": false,
              "skipped": false
            },
            {
              "title": "User tries to log in with multiple credentials | {\"Email\":\"Usman@gmail.com\",\"Password\":\"Hello82\"}",
              "fullTitle": "Login: User tries to log in with multiple credentials | {\"Email\":\"Usman@gmail.com\",\"Password\":\"Hello82\"}",
              "timedOut": false,
              "duration": 7814,
              "state": "failed",
              "speed": null,
              "pass": false,
              "fail": true,
              "pending": false,
              "context": null,
              "code": "I, current }) => {\n    console.log('Current user data:', current); // Log current credentials for each scenario\n    I.amOnPage('https://www.utest.com/');\n    I.click('Log In');\n    I.fillField('Email', current.email); // Ensure the Excel data has 'email' and 'password' fields\n    I.fillField('Password', current.password);\n    I.click('button[type=\"submit\"]');\n    I.waitForNavigation(10);\n    I.see('Dashboard');",
              "err": {
                "message": "TypeError: Cannot read properties of undefined (reading 'toString')",
                "estack": "TypeError: Cannot read properties of undefined (reading 'toString')\n    at Puppeteer.fillField (node_modules\\codeceptjs\\lib\\helper\\Puppeteer.js:1421:25)",
                "diff": null
              },
              "uuid": "ad4407c3-bf68-4d40-8d87-9ab1c7d3d348",
              "parentUUID": "a3161214-ec8a-4cd1-98b9-3b02c79187fb",
              "isHook": false,
              "skipped": false
            }
          ],
          "suites": [],
          "passes": [],
          "failures": [
            "c3e8e626-238f-45c8-bbaa-dddb75029b1f",
            "367f4eb8-5ed7-4d1f-abe9-e8ce88061e52",
            "867f1d2f-3da3-4ec5-9cd9-9d76bd2bf20e",
            "06ab342a-df03-4f3d-ab08-b5c80f9ce595",
            "6af5feb2-7cd0-4623-bceb-b881df6b7b2e",
            "1488172f-ce52-4d86-8e6f-c95d2a64ec12",
            "391a6201-ebfa-4825-95a7-ff5e45a122d1",
            "1cfa0ad5-a95f-417a-9868-f2a37fdb585d",
            "ad4407c3-bf68-4d40-8d87-9ab1c7d3d348"
          ],
          "pending": [],
          "skipped": [],
          "duration": 59350,
          "root": false,
          "rootEmpty": false,
          "_timeout": 0
        }
      ],
      "passes": [],
      "failures": [],
      "pending": [],
      "skipped": [],
      "duration": 0,
      "root": true,
      "rootEmpty": true,
      "_timeout": 0
    }
  ],
  "meta": {
    "mocha": {
      "version": "10.7.3"
    },
    "mochawesome": {
      "options": {
        "quiet": false,
        "reportFilename": "mochawesome",
        "saveHtml": true,
        "saveJson": true,
        "consoleReporter": "spec",
        "useInlineDiffs": false,
        "code": true
      },
      "version": "7.1.3"
    },
    "marge": {
      "options": {},
      "version": "6.2.0"
    }
  }
}