{
  "stats": {
    "suites": 1,
    "tests": 9,
    "passes": 0,
    "pending": 0,
    "failures": 9,
    "start": "2024-10-18T12:23:06.120Z",
    "end": "2024-10-18T12:23:55.665Z",
    "duration": 49545,
    "testsRegistered": 9,
    "passPercent": 0,
    "pendingPercent": 0,
    "other": 0,
    "hasOther": false,
    "skipped": 0,
    "hasSkipped": false
  },
  "results": [
    {
      "uuid": "0b17e56f-2570-4099-a5cd-baf3689644c9",
      "title": "",
      "fullFile": "E:\\SQE Assignment\\login_test.ts",
      "file": "\\login_test.ts",
      "beforeHooks": [],
      "afterHooks": [],
      "tests": [],
      "suites": [
        {
          "uuid": "a225ab6e-2110-4375-940d-86ef1da39b12",
          "title": "Login",
          "fullFile": "E:\\SQE Assignment\\login_test.ts",
          "file": "\\login_test.ts",
          "beforeHooks": [
            {
              "title": "\"before all\" hook: codeceptjs.beforeSuite in \"Login\"",
              "fullTitle": "Login \"before all\" hook: codeceptjs.beforeSuite in \"Login\"",
              "timedOut": false,
              "duration": 2,
              "state": null,
              "speed": null,
              "pass": false,
              "fail": false,
              "pending": false,
              "context": null,
              "code": "scenario.suiteSetup(suite)",
              "err": {},
              "uuid": "1b8602dd-7872-4723-bba3-641ff296dfe7",
              "parentUUID": "a225ab6e-2110-4375-940d-86ef1da39b12",
              "isHook": true,
              "skipped": false
            },
            {
              "title": "\"before each\" hook: codeceptjs.before in \"Login\"",
              "fullTitle": "Login \"before each\" hook: codeceptjs.before in \"Login\"",
              "timedOut": false,
              "duration": 720,
              "state": null,
              "speed": null,
              "pass": false,
              "fail": false,
              "pending": false,
              "context": null,
              "code": "scenario.setup(suite)",
              "err": {},
              "uuid": "de7b6990-8e26-4a80-909d-a9162a9814c0",
              "parentUUID": "a225ab6e-2110-4375-940d-86ef1da39b12",
              "isHook": true,
              "skipped": false
            }
          ],
          "afterHooks": [
            {
              "title": "\"after all\" hook: codeceptjs.afterSuite in \"Login\"",
              "fullTitle": "Login \"after all\" hook: codeceptjs.afterSuite in \"Login\"",
              "timedOut": false,
              "duration": 0,
              "state": null,
              "speed": null,
              "pass": false,
              "fail": false,
              "pending": false,
              "context": null,
              "code": "scenario.suiteTeardown(suite)",
              "err": {},
              "uuid": "04c907bc-e8d0-469b-9d1b-b099386a1b50",
              "parentUUID": "a225ab6e-2110-4375-940d-86ef1da39b12",
              "isHook": true,
              "skipped": false
            },
            {
              "title": "\"after each\" hook: finalize codeceptjs in \"Login\"",
              "fullTitle": "Login \"after each\" hook: finalize codeceptjs in \"Login\"",
              "timedOut": false,
              "duration": 111,
              "state": null,
              "speed": null,
              "pass": false,
              "fail": false,
              "pending": false,
              "context": null,
              "code": "scenario.teardown(suite)",
              "err": {},
              "uuid": "6952ce78-0c90-432e-a5ce-9e59c7ffe630",
              "parentUUID": "a225ab6e-2110-4375-940d-86ef1da39b12",
              "isHook": true,
              "skipped": false
            }
          ],
          "tests": [
            {
              "title": "User tries to log in with multiple credentials | {\"Email\":\"usmanhassan7576@gmail.com\",\"Password\":\"Muhammad7576\"}",
              "fullTitle": "Login: User tries to log in with multiple credentials | {\"Email\":\"usmanhassan7576@gmail.com\",\"Password\":\"Muhammad7576\"}",
              "timedOut": false,
              "duration": 5726,
              "state": "failed",
              "speed": null,
              "pass": false,
              "fail": true,
              "pending": false,
              "context": null,
              "code": "I, current }) => {\n    I.amOnPage('https://www.utest.com/');\n    I.click('Log In');\n    I.fillField('Email', current.email); // Ensure the Excel data has 'email' and 'password' fields\n    I.fillField('Password', current.password);\n    I.click('button[type=\"submit\"]');\n    I.waitForNavigation(10);\n    I.see('Dashboard');",
              "err": {
                "message": "TypeError: Cannot read properties of undefined (reading 'toString')",
                "estack": "TypeError: Cannot read properties of undefined (reading 'toString')\n    at Puppeteer.fillField (node_modules\\codeceptjs\\lib\\helper\\Puppeteer.js:1421:25)",
                "diff": null
              },
              "uuid": "c403fa6e-bee9-4168-94e2-306c74a6a3ee",
              "parentUUID": "a225ab6e-2110-4375-940d-86ef1da39b12",
              "isHook": false,
              "skipped": false
            },
            {
              "title": "User tries to log in with multiple credentials | {\"Email\":\"l227991@gmail.com\",\"Password\":\"Hello75\"}",
              "fullTitle": "Login: User tries to log in with multiple credentials | {\"Email\":\"l227991@gmail.com\",\"Password\":\"Hello75\"}",
              "timedOut": false,
              "duration": 6103,
              "state": "failed",
              "speed": null,
              "pass": false,
              "fail": true,
              "pending": false,
              "context": null,
              "code": "I, current }) => {\n    I.amOnPage('https://www.utest.com/');\n    I.click('Log In');\n    I.fillField('Email', current.email); // Ensure the Excel data has 'email' and 'password' fields\n    I.fillField('Password', current.password);\n    I.click('button[type=\"submit\"]');\n    I.waitForNavigation(10);\n    I.see('Dashboard');",
              "err": {
                "message": "TypeError: Cannot read properties of undefined (reading 'toString')",
                "estack": "TypeError: Cannot read properties of undefined (reading 'toString')\n    at Puppeteer.fillField (node_modules\\codeceptjs\\lib\\helper\\Puppeteer.js:1421:25)",
                "diff": null
              },
              "uuid": "b078bfe6-8325-4550-8934-c1a39d3d428e",
              "parentUUID": "a225ab6e-2110-4375-940d-86ef1da39b12",
              "isHook": false,
              "skipped": false
            },
            {
              "title": "User tries to log in with multiple credentials | {\"Email\":\"F223302@gmail.com\",\"Password\":\"Hello76\"}",
              "fullTitle": "Login: User tries to log in with multiple credentials | {\"Email\":\"F223302@gmail.com\",\"Password\":\"Hello76\"}",
              "timedOut": false,
              "duration": 6396,
              "state": "failed",
              "speed": null,
              "pass": false,
              "fail": true,
              "pending": false,
              "context": null,
              "code": "I, current }) => {\n    I.amOnPage('https://www.utest.com/');\n    I.click('Log In');\n    I.fillField('Email', current.email); // Ensure the Excel data has 'email' and 'password' fields\n    I.fillField('Password', current.password);\n    I.click('button[type=\"submit\"]');\n    I.waitForNavigation(10);\n    I.see('Dashboard');",
              "err": {
                "message": "TypeError: Cannot read properties of undefined (reading 'toString')",
                "estack": "TypeError: Cannot read properties of undefined (reading 'toString')\n    at Puppeteer.fillField (node_modules\\codeceptjs\\lib\\helper\\Puppeteer.js:1421:25)",
                "diff": null
              },
              "uuid": "610d2dff-ac16-45cd-89ea-d30aec27ccf3",
              "parentUUID": "a225ab6e-2110-4375-940d-86ef1da39b12",
              "isHook": false,
              "skipped": false
            },
            {
              "title": "User tries to log in with multiple credentials | {\"Email\":\"ALi75@gmail.com\",\"Password\":\"Hello77\"}",
              "fullTitle": "Login: User tries to log in with multiple credentials | {\"Email\":\"ALi75@gmail.com\",\"Password\":\"Hello77\"}",
              "timedOut": false,
              "duration": 6542,
              "state": "failed",
              "speed": null,
              "pass": false,
              "fail": true,
              "pending": false,
              "context": null,
              "code": "I, current }) => {\n    I.amOnPage('https://www.utest.com/');\n    I.click('Log In');\n    I.fillField('Email', current.email); // Ensure the Excel data has 'email' and 'password' fields\n    I.fillField('Password', current.password);\n    I.click('button[type=\"submit\"]');\n    I.waitForNavigation(10);\n    I.see('Dashboard');",
              "err": {
                "message": "TypeError: Cannot read properties of undefined (reading 'toString')",
                "estack": "TypeError: Cannot read properties of undefined (reading 'toString')\n    at Puppeteer.fillField (node_modules\\codeceptjs\\lib\\helper\\Puppeteer.js:1421:25)",
                "diff": null
              },
              "uuid": "0b9aa0b5-aa19-49d3-b88e-52fb77b8442f",
              "parentUUID": "a225ab6e-2110-4375-940d-86ef1da39b12",
              "isHook": false,
              "skipped": false
            },
            {
              "title": "User tries to log in with multiple credentials | {\"Email\":\"Muhammad@gmail.com\",\"Password\":\"Hello78\"}",
              "fullTitle": "Login: User tries to log in with multiple credentials | {\"Email\":\"Muhammad@gmail.com\",\"Password\":\"Hello78\"}",
              "timedOut": false,
              "duration": 6591,
              "state": "failed",
              "speed": null,
              "pass": false,
              "fail": true,
              "pending": false,
              "context": null,
              "code": "I, current }) => {\n    I.amOnPage('https://www.utest.com/');\n    I.click('Log In');\n    I.fillField('Email', current.email); // Ensure the Excel data has 'email' and 'password' fields\n    I.fillField('Password', current.password);\n    I.click('button[type=\"submit\"]');\n    I.waitForNavigation(10);\n    I.see('Dashboard');",
              "err": {
                "message": "TypeError: Cannot read properties of undefined (reading 'toString')",
                "estack": "TypeError: Cannot read properties of undefined (reading 'toString')\n    at Puppeteer.fillField (node_modules\\codeceptjs\\lib\\helper\\Puppeteer.js:1421:25)",
                "diff": null
              },
              "uuid": "9bc9589d-7a55-4625-8366-82705d4e4835",
              "parentUUID": "a225ab6e-2110-4375-940d-86ef1da39b12",
              "isHook": false,
              "skipped": false
            },
            {
              "title": "User tries to log in with multiple credentials | {\"Email\":\"Mujtaba@gmail.com\",\"Password\":\"Hello79\"}",
              "fullTitle": "Login: User tries to log in with multiple credentials | {\"Email\":\"Mujtaba@gmail.com\",\"Password\":\"Hello79\"}",
              "timedOut": false,
              "duration": 1981,
              "state": "failed",
              "speed": null,
              "pass": false,
              "fail": true,
              "pending": false,
              "context": null,
              "code": "I, current }) => {\n    I.amOnPage('https://www.utest.com/');\n    I.click('Log In');\n    I.fillField('Email', current.email); // Ensure the Excel data has 'email' and 'password' fields\n    I.fillField('Password', current.password);\n    I.click('button[type=\"submit\"]');\n    I.waitForNavigation(10);\n    I.see('Dashboard');",
              "err": {
                "message": "TargetCloseError: Protocol error (Runtime.callFunctionOn): Target closed",
                "estack": "TargetCloseError: Protocol error (Runtime.callFunctionOn): Target closed\n    at CallbackRegistry.clear (node_modules\\puppeteer\\node_modules\\puppeteer-core\\src\\common\\CallbackRegistry.ts:90:30)\n    at CdpCDPSession._onClosed (node_modules\\puppeteer\\node_modules\\puppeteer-core\\src\\cdp\\CDPSession.ts:149:21)\n    at Connection.onMessage (node_modules\\puppeteer\\node_modules\\puppeteer-core\\src\\cdp\\Connection.ts:172:17)\n    at WebSocket.<anonymous> (node_modules\\puppeteer\\node_modules\\puppeteer-core\\src\\node\\NodeWebSocketTransport.ts:47:24)\n    at callListener (node_modules\\puppeteer\\node_modules\\ws\\lib\\event-target.js:290:14)\n    at WebSocket.onMessage (node_modules\\puppeteer\\node_modules\\ws\\lib\\event-target.js:209:9)\n    at WebSocket.emit (node:events:519:28)\n    at WebSocket.emit (node:domain:488:12)\n    at Receiver.receiverOnMessage (node_modules\\puppeteer\\node_modules\\ws\\lib\\websocket.js:1220:20)\n    at Receiver.emit (node:events:519:28)",
                "diff": null
              },
              "uuid": "7332a6dd-2e28-4471-bc15-ca3ba2f39c2f",
              "parentUUID": "a225ab6e-2110-4375-940d-86ef1da39b12",
              "isHook": false,
              "skipped": false
            },
            {
              "title": "User tries to log in with multiple credentials | {\"Email\":\"Sohaib75@gmail.com\",\"Password\":\"Hello80\"}",
              "fullTitle": "Login: User tries to log in with multiple credentials | {\"Email\":\"Sohaib75@gmail.com\",\"Password\":\"Hello80\"}",
              "timedOut": false,
              "duration": 2472,
              "state": "failed",
              "speed": null,
              "pass": false,
              "fail": true,
              "pending": false,
              "context": null,
              "code": "I, current }) => {\n    I.amOnPage('https://www.utest.com/');\n    I.click('Log In');\n    I.fillField('Email', current.email); // Ensure the Excel data has 'email' and 'password' fields\n    I.fillField('Password', current.password);\n    I.click('button[type=\"submit\"]');\n    I.waitForNavigation(10);\n    I.see('Dashboard');",
              "err": {
                "message": "TargetCloseError: Protocol error (Runtime.callFunctionOn): Target closed",
                "estack": "TargetCloseError: Protocol error (Runtime.callFunctionOn): Target closed\n    at CallbackRegistry.clear (node_modules\\puppeteer\\node_modules\\puppeteer-core\\src\\common\\CallbackRegistry.ts:90:30)\n    at CdpCDPSession._onClosed (node_modules\\puppeteer\\node_modules\\puppeteer-core\\src\\cdp\\CDPSession.ts:149:21)\n    at Connection.onMessage (node_modules\\puppeteer\\node_modules\\puppeteer-core\\src\\cdp\\Connection.ts:172:17)\n    at WebSocket.<anonymous> (node_modules\\puppeteer\\node_modules\\puppeteer-core\\src\\node\\NodeWebSocketTransport.ts:47:24)\n    at callListener (node_modules\\puppeteer\\node_modules\\ws\\lib\\event-target.js:290:14)\n    at WebSocket.onMessage (node_modules\\puppeteer\\node_modules\\ws\\lib\\event-target.js:209:9)\n    at WebSocket.emit (node:events:519:28)\n    at WebSocket.emit (node:domain:488:12)\n    at Receiver.receiverOnMessage (node_modules\\puppeteer\\node_modules\\ws\\lib\\websocket.js:1220:20)\n    at Receiver.emit (node:events:519:28)",
                "diff": null
              },
              "uuid": "7d41f0c7-c7bb-4012-ad05-ddd11dc82dbc",
              "parentUUID": "a225ab6e-2110-4375-940d-86ef1da39b12",
              "isHook": false,
              "skipped": false
            },
            {
              "title": "User tries to log in with multiple credentials | {\"Email\":\"Ameer@gmail.com\",\"Password\":\"Hello81\"}",
              "fullTitle": "Login: User tries to log in with multiple credentials | {\"Email\":\"Ameer@gmail.com\",\"Password\":\"Hello81\"}",
              "timedOut": false,
              "duration": 1274,
              "state": "failed",
              "speed": null,
              "pass": false,
              "fail": true,
              "pending": false,
              "context": null,
              "code": "I, current }) => {\n    I.amOnPage('https://www.utest.com/');\n    I.click('Log In');\n    I.fillField('Email', current.email); // Ensure the Excel data has 'email' and 'password' fields\n    I.fillField('Password', current.password);\n    I.click('button[type=\"submit\"]');\n    I.waitForNavigation(10);\n    I.see('Dashboard');",
              "err": {
                "message": "TargetCloseError: Protocol error (Runtime.callFunctionOn): Target closed",
                "estack": "TargetCloseError: Protocol error (Runtime.callFunctionOn): Target closed\n    at CallbackRegistry.clear (node_modules\\puppeteer\\node_modules\\puppeteer-core\\src\\common\\CallbackRegistry.ts:90:30)\n    at CdpCDPSession._onClosed (node_modules\\puppeteer\\node_modules\\puppeteer-core\\src\\cdp\\CDPSession.ts:149:21)\n    at Connection.onMessage (node_modules\\puppeteer\\node_modules\\puppeteer-core\\src\\cdp\\Connection.ts:172:17)\n    at WebSocket.<anonymous> (node_modules\\puppeteer\\node_modules\\puppeteer-core\\src\\node\\NodeWebSocketTransport.ts:47:24)\n    at callListener (node_modules\\puppeteer\\node_modules\\ws\\lib\\event-target.js:290:14)\n    at WebSocket.onMessage (node_modules\\puppeteer\\node_modules\\ws\\lib\\event-target.js:209:9)\n    at WebSocket.emit (node:events:519:28)\n    at WebSocket.emit (node:domain:488:12)\n    at Receiver.receiverOnMessage (node_modules\\puppeteer\\node_modules\\ws\\lib\\websocket.js:1220:20)\n    at Receiver.emit (node:events:519:28)",
                "diff": null
              },
              "uuid": "e000b199-b870-4bf2-a928-832d135bcd66",
              "parentUUID": "a225ab6e-2110-4375-940d-86ef1da39b12",
              "isHook": false,
              "skipped": false
            },
            {
              "title": "User tries to log in with multiple credentials | {\"Email\":\"Usman@gmail.com\",\"Password\":\"Hello82\"}",
              "fullTitle": "Login: User tries to log in with multiple credentials | {\"Email\":\"Usman@gmail.com\",\"Password\":\"Hello82\"}",
              "timedOut": false,
              "duration": 895,
              "state": "failed",
              "speed": null,
              "pass": false,
              "fail": true,
              "pending": false,
              "context": null,
              "code": "I, current }) => {\n    I.amOnPage('https://www.utest.com/');\n    I.click('Log In');\n    I.fillField('Email', current.email); // Ensure the Excel data has 'email' and 'password' fields\n    I.fillField('Password', current.password);\n    I.click('button[type=\"submit\"]');\n    I.waitForNavigation(10);\n    I.see('Dashboard');",
              "err": {
                "message": "Error: Navigating frame was detached",
                "estack": "Error: Navigating frame was detached\n    at LifecycleWatcher.#onFrameDetached (node_modules\\puppeteer\\node_modules\\puppeteer-core\\src\\cdp\\LifecycleWatcher.ts:188:9)\n    at E:\\SQE Assignment\\node_modules\\puppeteer\\node_modules\\puppeteer-core\\lib\\cjs\\third_party\\mitt\\mitt.js:62:7\n    at Array.map (<anonymous>)\n    at Object.emit (node_modules\\puppeteer\\node_modules\\puppeteer-core\\lib\\cjs\\third_party\\mitt\\mitt.js:61:20)\n    at CdpFrame.emit (node_modules\\puppeteer\\node_modules\\puppeteer-core\\src\\common\\EventEmitter.ts:135:19)\n    at FrameManager.#removeFramesRecursively (node_modules\\puppeteer\\node_modules\\puppeteer-core\\src\\cdp\\FrameManager.ts:568:11)\n    at FrameManager.#onClientDisconnect (node_modules\\puppeteer\\node_modules\\puppeteer-core\\src\\cdp\\FrameManager.ts:119:36)",
                "diff": null
              },
              "uuid": "b3110e35-6328-4b54-9742-eddd48bc84c7",
              "parentUUID": "a225ab6e-2110-4375-940d-86ef1da39b12",
              "isHook": false,
              "skipped": false
            }
          ],
          "suites": [],
          "passes": [],
          "failures": [
            "c403fa6e-bee9-4168-94e2-306c74a6a3ee",
            "b078bfe6-8325-4550-8934-c1a39d3d428e",
            "610d2dff-ac16-45cd-89ea-d30aec27ccf3",
            "0b9aa0b5-aa19-49d3-b88e-52fb77b8442f",
            "9bc9589d-7a55-4625-8366-82705d4e4835",
            "7332a6dd-2e28-4471-bc15-ca3ba2f39c2f",
            "7d41f0c7-c7bb-4012-ad05-ddd11dc82dbc",
            "e000b199-b870-4bf2-a928-832d135bcd66",
            "b3110e35-6328-4b54-9742-eddd48bc84c7"
          ],
          "pending": [],
          "skipped": [],
          "duration": 37980,
          "root": false,
          "rootEmpty": false,
          "_timeout": 0
        }
      ],
      "passes": [],
      "failures": [],
      "pending": [],
      "skipped": [],
      "duration": 0,
      "root": true,
      "rootEmpty": true,
      "_timeout": 0
    }
  ],
  "meta": {
    "mocha": {
      "version": "10.7.3"
    },
    "mochawesome": {
      "options": {
        "quiet": false,
        "reportFilename": "mochawesome",
        "saveHtml": true,
        "saveJson": true,
        "consoleReporter": "spec",
        "useInlineDiffs": false,
        "code": true
      },
      "version": "7.1.3"
    },
    "marge": {
      "options": {},
      "version": "6.2.0"
    }
  }
}